<?xml version="1.0" encoding="UTF-8"?>
<coverage generated="1749128418701" clover="3.2.0">
  <project timestamp="1749128418701" name="All files">
    <metrics statements="54" coveredstatements="53" conditionals="22" coveredconditionals="22" methods="11" coveredmethods="10" elements="87" coveredelements="85" complexity="0" loc="54" ncloc="54" packages="1" files="1" classes="1"/>
    <file name="index.js" path="/home/etharialle/github/js-knight-travails/index.js">
      <metrics statements="54" coveredstatements="53" conditionals="22" coveredconditionals="22" methods="11" coveredmethods="10"/>
      <line num="2" count="130" type="stmt"/>
      <line num="3" count="130" type="stmt"/>
      <line num="4" count="130" type="stmt"/>
      <line num="5" count="1040" type="stmt"/>
      <line num="6" count="1984" type="cond" truecount="4" falsecount="0"/>
      <line num="7" count="676" type="stmt"/>
      <line num="10" count="130" type="stmt"/>
      <line num="14" count="130" type="stmt"/>
      <line num="15" count="676" type="stmt"/>
      <line num="16" count="676" type="stmt"/>
      <line num="21" count="2" type="cond" truecount="2" falsecount="0"/>
      <line num="22" count="676" type="stmt"/>
      <line num="23" count="676" type="cond" truecount="2" falsecount="0"/>
      <line num="24" count="128" type="stmt"/>
      <line num="26" count="128" type="stmt"/>
      <line num="27" count="128" type="stmt"/>
      <line num="28" count="128" type="stmt"/>
      <line num="29" count="128" type="stmt"/>
      <line num="36" count="2" type="stmt"/>
      <line num="37" count="2" type="stmt"/>
      <line num="38" count="2" type="stmt"/>
      <line num="39" count="8" type="stmt"/>
      <line num="41" count="8" type="stmt"/>
      <line num="43" count="2" type="stmt"/>
      <line num="44" count="2" type="stmt"/>
      <line num="45" count="2" type="stmt"/>
      <line num="49" count="15" type="cond" truecount="6" falsecount="0"/>
      <line num="50" count="8" type="stmt"/>
      <line num="52" count="7" type="stmt"/>
      <line num="58" count="5" type="stmt"/>
      <line num="59" count="5" type="stmt"/>
      <line num="60" count="5" type="cond" truecount="2" falsecount="0"/>
      <line num="61" count="1" type="stmt"/>
      <line num="62" count="1" type="stmt"/>
      <line num="64" count="4" type="cond" truecount="2" falsecount="0"/>
      <line num="65" count="1" type="stmt"/>
      <line num="66" count="1" type="stmt"/>
      <line num="68" count="4" type="cond" truecount="4" falsecount="0"/>
      <line num="69" count="1" type="stmt"/>
      <line num="70" count="1" type="stmt"/>
      <line num="73" count="2" type="stmt"/>
      <line num="75" count="2" type="stmt"/>
      <line num="76" count="2" type="stmt"/>
      <line num="78" count="2" type="stmt"/>
      <line num="80" count="2" type="stmt"/>
      <line num="81" count="2" type="stmt"/>
      <line num="82" count="2" type="stmt"/>
      <line num="84" count="2" type="stmt"/>
      <line num="86" count="2" type="stmt"/>
      <line num="87" count="10" type="stmt"/>
      <line num="90" count="2" type="stmt"/>
      <line num="93" count="1" type="stmt"/>
      <line num="96" count="0" type="stmt"/>
      <line num="99" count="1" type="stmt"/>
    </file>
  </project>
</coverage>
