{"/home/etharialle/github/js-knight-travails/index.js": {"path":"/home/etharialle/github/js-knight-travails/index.js","statementMap":{"0":{"start":{"line":2,"column":23},"end":{"line":2,"column":25}},"1":{"start":{"line":3,"column":21},"end":{"line":3,"column":93}},"2":{"start":{"line":4,"column":4},"end":{"line":9,"column":5}},"3":{"start":{"line":4,"column":17},"end":{"line":4,"column":18}},"4":{"start":{"line":5,"column":26},"end":{"line":5,"column":96}},"5":{"start":{"line":6,"column":8},"end":{"line":8,"column":9}},"6":{"start":{"line":6,"column":41},"end":{"line":6,"column":53}},"7":{"start":{"line":6,"column":87},"end":{"line":6,"column":99}},"8":{"start":{"line":7,"column":12},"end":{"line":7,"column":41}},"9":{"start":{"line":10,"column":4},"end":{"line":10,"column":21}},"10":{"start":{"line":14,"column":4},"end":{"line":17,"column":5}},"11":{"start":{"line":14,"column":17},"end":{"line":14,"column":18}},"12":{"start":{"line":15,"column":27},"end":{"line":15,"column":65}},"13":{"start":{"line":16,"column":8},"end":{"line":16,"column":62}},"14":{"start":{"line":21,"column":4},"end":{"line":32,"column":5}},"15":{"start":{"line":22,"column":21},"end":{"line":22,"column":39}},"16":{"start":{"line":23,"column":8},"end":{"line":30,"column":9}},"17":{"start":{"line":24,"column":29},"end":{"line":24,"column":54}},"18":{"start":{"line":26,"column":12},"end":{"line":26,"column":80}},"19":{"start":{"line":27,"column":32},"end":{"line":27,"column":61}},"20":{"start":{"line":28,"column":26},"end":{"line":28,"column":39}},"21":{"start":{"line":29,"column":12},"end":{"line":29,"column":74}},"22":{"start":{"line":36,"column":23},"end":{"line":36,"column":25}},"23":{"start":{"line":37,"column":18},"end":{"line":37,"column":32}},"24":{"start":{"line":38,"column":4},"end":{"line":42,"column":5}},"25":{"start":{"line":39,"column":8},"end":{"line":39,"column":35}},"26":{"start":{"line":41,"column":8},"end":{"line":41,"column":62}},"27":{"start":{"line":43,"column":4},"end":{"line":43,"column":39}},"28":{"start":{"line":44,"column":4},"end":{"line":44,"column":27}},"29":{"start":{"line":45,"column":4},"end":{"line":45,"column":24}},"30":{"start":{"line":49,"column":4},"end":{"line":53,"column":5}},"31":{"start":{"line":50,"column":8},"end":{"line":50,"column":20}},"32":{"start":{"line":52,"column":8},"end":{"line":52,"column":21}},"33":{"start":{"line":58,"column":21},"end":{"line":58,"column":23}},"34":{"start":{"line":59,"column":26},"end":{"line":59,"column":28}},"35":{"start":{"line":60,"column":4},"end":{"line":63,"column":5}},"36":{"start":{"line":61,"column":8},"end":{"line":61,"column":54}},"37":{"start":{"line":62,"column":8},"end":{"line":62,"column":17}},"38":{"start":{"line":64,"column":4},"end":{"line":67,"column":5}},"39":{"start":{"line":65,"column":8},"end":{"line":65,"column":52}},"40":{"start":{"line":66,"column":8},"end":{"line":66,"column":17}},"41":{"start":{"line":68,"column":4},"end":{"line":71,"column":5}},"42":{"start":{"line":68,"column":104},"end":{"line":68,"column":135}},"43":{"start":{"line":69,"column":8},"end":{"line":69,"column":83}},"44":{"start":{"line":70,"column":8},"end":{"line":70,"column":17}},"45":{"start":{"line":73,"column":21},"end":{"line":73,"column":57}},"46":{"start":{"line":75,"column":4},"end":{"line":75,"column":65}},"47":{"start":{"line":76,"column":4},"end":{"line":76,"column":65}},"48":{"start":{"line":78,"column":22},"end":{"line":78,"column":88}},"49":{"start":{"line":80,"column":22},"end":{"line":80,"column":72}},"50":{"start":{"line":81,"column":4},"end":{"line":81,"column":28}},"51":{"start":{"line":82,"column":4},"end":{"line":82,"column":33}},"52":{"start":{"line":84,"column":4},"end":{"line":84,"column":74}},"53":{"start":{"line":86,"column":4},"end":{"line":88,"column":7}},"54":{"start":{"line":87,"column":8},"end":{"line":87,"column":29}},"55":{"start":{"line":90,"column":4},"end":{"line":90,"column":13}},"56":{"start":{"line":93,"column":0},"end":{"line":93,"column":25}},"57":{"start":{"line":95,"column":0},"end":{"line":95,"column":50}}},"fnMap":{"0":{"name":"generateLegalMoves","decl":{"start":{"line":1,"column":9},"end":{"line":1,"column":27}},"loc":{"start":{"line":1,"column":45},"end":{"line":11,"column":1}},"line":1},"1":{"name":"(anonymous_1)","decl":{"start":{"line":6,"column":30},"end":{"line":6,"column":31}},"loc":{"start":{"line":6,"column":41},"end":{"line":6,"column":53}},"line":6},"2":{"name":"(anonymous_2)","decl":{"start":{"line":6,"column":76},"end":{"line":6,"column":77}},"loc":{"start":{"line":6,"column":87},"end":{"line":6,"column":99}},"line":6},"3":{"name":"addMovesToQueue","decl":{"start":{"line":13,"column":9},"end":{"line":13,"column":24}},"loc":{"start":{"line":13,"column":72},"end":{"line":18,"column":1}},"line":13},"4":{"name":"addPathToMatrix","decl":{"start":{"line":20,"column":9},"end":{"line":20,"column":24}},"loc":{"start":{"line":20,"column":70},"end":{"line":33,"column":1}},"line":20},"5":{"name":"getShortestPath","decl":{"start":{"line":35,"column":9},"end":{"line":35,"column":24}},"loc":{"start":{"line":35,"column":75},"end":{"line":46,"column":1}},"line":35},"6":{"name":"isPositionValid","decl":{"start":{"line":48,"column":9},"end":{"line":48,"column":24}},"loc":{"start":{"line":48,"column":35},"end":{"line":54,"column":1}},"line":48},"7":{"name":"knightMoves","decl":{"start":{"line":56,"column":9},"end":{"line":56,"column":20}},"loc":{"start":{"line":56,"column":55},"end":{"line":91,"column":1}},"line":56},"8":{"name":"(anonymous_8)","decl":{"start":{"line":68,"column":86},"end":{"line":68,"column":87}},"loc":{"start":{"line":68,"column":104},"end":{"line":68,"column":135}},"line":68},"9":{"name":"(anonymous_9)","decl":{"start":{"line":86,"column":22},"end":{"line":86,"column":23}},"loc":{"start":{"line":86,"column":33},"end":{"line":88,"column":5}},"line":86}},"branchMap":{"0":{"loc":{"start":{"line":6,"column":8},"end":{"line":8,"column":9}},"type":"if","locations":[{"start":{"line":6,"column":8},"end":{"line":8,"column":9}},{"start":{},"end":{}}],"line":6},"1":{"loc":{"start":{"line":6,"column":12},"end":{"line":6,"column":100}},"type":"binary-expr","locations":[{"start":{"line":6,"column":12},"end":{"line":6,"column":54}},{"start":{"line":6,"column":58},"end":{"line":6,"column":100}}],"line":6},"2":{"loc":{"start":{"line":21,"column":11},"end":{"line":21,"column":83}},"type":"binary-expr","locations":[{"start":{"line":21,"column":11},"end":{"line":21,"column":32}},{"start":{"line":21,"column":36},"end":{"line":21,"column":83}}],"line":21},"3":{"loc":{"start":{"line":23,"column":8},"end":{"line":30,"column":9}},"type":"if","locations":[{"start":{"line":23,"column":8},"end":{"line":30,"column":9}},{"start":{},"end":{}}],"line":23},"4":{"loc":{"start":{"line":49,"column":4},"end":{"line":53,"column":5}},"type":"if","locations":[{"start":{"line":49,"column":4},"end":{"line":53,"column":5}},{"start":{"line":51,"column":11},"end":{"line":53,"column":5}}],"line":49},"5":{"loc":{"start":{"line":49,"column":8},"end":{"line":49,"column":86}},"type":"binary-expr","locations":[{"start":{"line":49,"column":9},"end":{"line":49,"column":25}},{"start":{"line":49,"column":29},"end":{"line":49,"column":44}},{"start":{"line":49,"column":50},"end":{"line":49,"column":66}},{"start":{"line":49,"column":70},"end":{"line":49,"column":85}}],"line":49},"6":{"loc":{"start":{"line":60,"column":4},"end":{"line":63,"column":5}},"type":"if","locations":[{"start":{"line":60,"column":4},"end":{"line":63,"column":5}},{"start":{},"end":{}}],"line":60},"7":{"loc":{"start":{"line":64,"column":4},"end":{"line":67,"column":5}},"type":"if","locations":[{"start":{"line":64,"column":4},"end":{"line":67,"column":5}},{"start":{},"end":{}}],"line":64},"8":{"loc":{"start":{"line":68,"column":4},"end":{"line":71,"column":5}},"type":"if","locations":[{"start":{"line":68,"column":4},"end":{"line":71,"column":5}},{"start":{},"end":{}}],"line":68},"9":{"loc":{"start":{"line":68,"column":8},"end":{"line":68,"column":136}},"type":"binary-expr","locations":[{"start":{"line":68,"column":9},"end":{"line":68,"column":58}},{"start":{"line":68,"column":63},"end":{"line":68,"column":136}}],"line":68}},"s":{"0":130,"1":130,"2":130,"3":130,"4":1040,"5":1040,"6":1984,"7":1616,"8":676,"9":130,"10":130,"11":130,"12":676,"13":676,"14":2,"15":676,"16":676,"17":128,"18":128,"19":128,"20":128,"21":128,"22":2,"23":2,"24":2,"25":8,"26":8,"27":2,"28":2,"29":2,"30":15,"31":8,"32":7,"33":5,"34":5,"35":5,"36":1,"37":1,"38":4,"39":1,"40":1,"41":3,"42":4,"43":1,"44":1,"45":2,"46":2,"47":2,"48":2,"49":2,"50":2,"51":2,"52":2,"53":2,"54":10,"55":2,"56":1,"57":1},"f":{"0":130,"1":1984,"2":1616,"3":130,"4":2,"5":2,"6":15,"7":5,"8":4,"9":10},"b":{"0":[676,364],"1":[1040,856],"2":[678,676],"3":[128,548],"4":[8,7],"5":[15,14,13,9],"6":[1,4],"7":[1,3],"8":[1,2],"9":[3,3]},"_coverageSchema":"1a1c01bbd47fc00a2c39e90264f33305004495a9","hash":"47dd05f0677634b97f2f8610884b53d22ddfe36e"}
}
