TN:
SF:index.js
FN:1,generateLegalMoves
FN:6,(anonymous_1)
FN:6,(anonymous_2)
FN:13,addMovesToQueue
FN:20,addPathToMatrix
FN:35,getShortestPath
FN:48,isPositionValid
FN:56,knightMoves
FN:68,(anonymous_8)
FN:86,(anonymous_9)
FNF:10
FNH:10
FNDA:130,generateLegalMoves
FNDA:1984,(anonymous_1)
FNDA:1616,(anonymous_2)
FNDA:130,addMovesToQueue
FNDA:2,addPathToMatrix
FNDA:2,getShortestPath
FNDA:15,isPositionValid
FNDA:5,knightMoves
FNDA:4,(anonymous_8)
FNDA:10,(anonymous_9)
DA:2,130
DA:3,130
DA:4,130
DA:5,1040
DA:6,1984
DA:7,676
DA:10,130
DA:14,130
DA:15,676
DA:16,676
DA:21,2
DA:22,676
DA:23,676
DA:24,128
DA:26,128
DA:27,128
DA:28,128
DA:29,128
DA:36,2
DA:37,2
DA:38,2
DA:39,8
DA:41,8
DA:43,2
DA:44,2
DA:45,2
DA:49,15
DA:50,8
DA:52,7
DA:58,5
DA:59,5
DA:60,5
DA:61,1
DA:62,1
DA:64,4
DA:65,1
DA:66,1
DA:68,4
DA:69,1
DA:70,1
DA:73,2
DA:75,2
DA:76,2
DA:78,2
DA:80,2
DA:81,2
DA:82,2
DA:84,2
DA:86,2
DA:87,10
DA:90,2
DA:93,1
DA:95,1
LF:53
LH:53
BRDA:6,0,0,676
BRDA:6,0,1,364
BRDA:6,1,0,1040
BRDA:6,1,1,856
BRDA:21,2,0,678
BRDA:21,2,1,676
BRDA:23,3,0,128
BRDA:23,3,1,548
BRDA:49,4,0,8
BRDA:49,4,1,7
BRDA:49,5,0,15
BRDA:49,5,1,14
BRDA:49,5,2,13
BRDA:49,5,3,9
BRDA:60,6,0,1
BRDA:60,6,1,4
BRDA:64,7,0,1
BRDA:64,7,1,3
BRDA:68,8,0,1
BRDA:68,8,1,2
BRDA:68,9,0,3
BRDA:68,9,1,3
BRF:22
BRH:22
end_of_record
